2025-05-21 10:00:01 INFO [WebApp] User 'alice' logged in from 192.168.1.10. Session ID: abc123xyz.  
2025-05-21 10:00:05 DEBUG [Database] Query executed successfully: SELECT * FROM users WHERE id=1. Duration: 15ms.
2025-05-21 10:00:10 WARN [AuthService] Failed login attempt for user 'bob' from 203.0.113.5. Reason: Invalid password.
2025-05-21 10:00:15 INFO [WebApp] User 'alice' accessed product page for ID: 5001.
2025-05-21 10:00:20 ERROR [PaymentGateway] Payment processing failed for order XYZ789. User: alice. Error: Gateway timeout.
2025-05-21 10:00:25 INFO [EmailService] Email sent to alice@example.com for order XYZ789 confirmation.
2025-05-21 10:00:30 DEBUG [Analytics] Event tracked: 'product_view', product_id: 5001.
2025-05-21 10:00:35 INFO [WebApp] User 'charlie' logged in from 10.0.0.20. Session ID: def456uvw.
2025-05-21 10:00:40 WARN [AuthService] Failed login attempt for user 'charlie' from 10.0.0.20. Reason: Account locked.
2025-05-21 10:00:45 INFO [WebApp] User 'bob' logged in from 192.168.1.11. Session ID: ghi789jkl.
2025-05-21 10:00:50 DEBUG [Database] Query executed successfully: INSERT INTO orders VALUES (...). Duration: 50ms.
2025-05-21 10:00:55 ERROR [WebApp] NullPointerException in checkout process for user 'bob'.
2025-05-21 10:01:00 INFO [System] Server health check passed. CPU: 25%, Memory: 60%.
2025-05-21 10:01:05 INFO [WebApp] User 'alice' x out. Session ID: abc123xyz.
2025-05-21 10:01:10 WARN [PaymentGateway] Transaction flagged as suspicious for order ABC123DEF. Amount: $1500.
2025-05-21 10:01:15 INFO [WebApp] User 'david' logged in from 172.16.0.30. Session ID: mno012pqr.
2025-05-21 10:01:20 DEBUG [Database] Query executed successfully: UPDATE products SET stock=10 WHERE id=5001. Duration: 10ms.
2025-05-21 10:01:25 ERROR [AuthService] Database connection error during user validation.
2025-05-21 10:01:30 INFO [WebApp] User 'david' added item 7001 to cart.
2025-05-21 10:01:35 INFO [WebApp] User 'eve' logged in from 192.168.1.10. Session ID: stu345vwx.
2025-05-21 10:01:40 DEBUG [Analytics] Event tracked: 'add_to_cart', product_id: 7001.
2025-05-21 10:01:45 WARN [System] Disk space low on /var/log. Free space: 5%.
2025-05-21 10:01:50 INFO [WebApp] User 'frank' logged in from 192.168.1.12. Session ID: zyx987wvu.
2025-05-21 10:01:55 DEBUG [Cache] Item retrieved from cache: product_5001. Hit.
2025-05-21 10:02:00 INFO [WebApp] User 'frank' viewed product page for ID: 8002.
2025-05-21 10:02:05 ERROR [Database] Connection pool exhausted. Max connections reached.
2025-05-21 10:02:10 INFO [EmailService] Marketing email sent to new_user@example.com.
2025-05-21 10:02:15 DEBUG [Analytics] Event tracked: 'page_load', page: '/home'.
2025-05-21 10:02:20 WARN [Network] High latency detected to external service. Latency: 250ms.
2025-05-21 10:02:25 INFO [WebApp] User 'grace' logged in from 172.16.0.31. Session ID: qwe123rty.
2025-05-21 10:02:30 DEBUG [Database] Query executed successfully: DELETE FROM temp_data WHERE age > 30. Duration: 80ms.
2025-05-21 10:02:35 INFO [WebApp] User 'frank' added item 9003 to cart.
2025-05-21 10:02:40 ERROR [AuthService] Token validation failed for session def456uvw.
2025-05-21 10:02:45 INFO [System] Scheduled backup started.
2025-05-21 10:02:50 DEBUG [Cache] Item added to cache: user_grace.
2025-05-21 10:02:55 WARN [Security] Potential SQL injection attempt detected from 5.6.7.8. Query: 'OR 1=1--'.
2025-05-21 10:03:00 INFO [WebApp] User 'heidi' logged in from 192.168.1.13. Session ID: asd456fgh.
2025-05-21 10:03:05 DEBUG [Database] Query executed successfully: SELECT count(*) FROM orders. Duration: 5ms.
2025-05-21 10:03:10 ERROR [PaymentGateway] Fraudulent transaction detected for order PQR001. User: heidi. Amount: $5000.
2025-05-21 10:03:15 INFO [WebApp] User 'heidi' completed checkout for order PQR001.
2025-05-21 10:03:20 DEBUG [Analytics] Event tracked: 'purchase_complete', order_id: PQR001.
2025-05-21 10:03:25 INFO [System] Server load high. CPU: 85%, Memory: 90%.
2025-05-21 10:03:30 WARN [AuthService] Multiple failed login attempts for 'unknown_user' from 1.2.3.4.
2025-05-21 10:03:35 INFO [WebApp] User 'ivan' logged in from 10.0.0.21. Session ID: zxc789vbn.
2025-05-21 10:03:40 DEBUG [Database] Query executed successfully: SELECT * FROM products WHERE category='electronics'. Duration: 25ms.
2025-05-21 10:03:45 ERROR [EmailService] Failed to connect to SMTP server.
2025-05-21 10:03:50 INFO [WebApp] User 'ivan' viewed product page for ID: 1004.
2025-05-21 10:03:55 WARN [System] High I/O wait on disk sda.
2025-05-21 10:04:00 INFO [WebApp] User 'julia' logged in from 192.168.1.14. Session ID: rty012uio.
2025-05-21 10:04:05 DEBUG [Cache] Cache eviction policy triggered. Items removed: 10.
2025-05-21 10:04:10 INFO [WebApp] User 'julia' updated profile information.
2025-05-21 10:04:15 ERROR [Network] DNS resolution failed for external_api.com.
2025-05-21 10:04:20 INFO [System] Server health check passed. CPU: 30%, Memory: 65%.
2025-05-21 10:04:25 DEBUG [Database] Query executed successfully: SELECT user_preferences FROM users WHERE id=5. Duration: 10ms.
2025-05-21 10:04:30 WARN [AuthService] Password change requested for non-existent user 'fake_user'.
2025-05-21 10:04:35 INFO [WebApp] User 'kyle' logged in from 172.16.0.32. Session ID: fgh345jkl.
2025-05-21 10:04:40 DEBUG [Analytics] Event tracked: 'search_query', query: 'laptops'.
2025-05-21 10:04:45 ERROR [WebApp] Internal server error: Unhandled exception.
2025-05-21 10:04:50 INFO [EmailService] Password reset email sent to kyle@example.com.
2025-05-21 10:04:55 WARN [PaymentGateway] Low balance for user 'kyle' during transaction.
2025-05-21 10:05:00 INFO [System] Application restart initiated.
